<?xml version="1.0" encoding="UTF-8"?>
<testsuite xmlns:xsi="http://www.w3.org/2001/XMLSchema-instance" xsi:noNamespaceSchemaLocation="https://maven.apache.org/surefire/maven-surefire-plugin/xsd/surefire-test-report.xsd" name="rickAndMortyAPI.rickRunner" time="6.023" tests="6" errors="0" skipped="0" failures="0">
  <properties>
[...]
</properties>
  <testcase name="testPokemon[1][1]" classname="rickAndMortyAPI.rickRunner" time="2.287"/>
  <testcase name="testPokemon[1][2]" classname="rickAndMortyAPI.rickRunner" time="0.156"/>
  <testcase name="testPokemon[1][3]" classname="rickAndMortyAPI.rickRunner" time="0.299"/>
  <testcase name="testPokemon[1][4]" classname="rickAndMortyAPI.rickRunner" time="0.36"/>
  <testcase name="testPokemon[1][5]" classname="rickAndMortyAPI.rickRunner" time="0.257"/>
  <testcase name="testPokemon[1][6]" classname="rickAndMortyAPI.rickRunner" time="1.583"/>
</testsuite>